2026-06-09T08:44:10.914Z  INFO 1 --- [SpringApplicationShutdownHook] o.s.b.w.e.tomcat.GracefulShutdown        : Commencing graceful shutdown. Waiting for active requests to complete
2026-06-09T08:44:11.125Z  INFO 1 --- [tomcat-shutdown] o.s.b.w.e.tomcat.GracefulShutdown        : Graceful shutdown complete
2026-06-09T08:44:11.184Z  INFO 1 --- [SpringApplicationShutdownHook] j.LocalContainerEntityManagerFactoryBean : Closing JPA EntityManagerFactory for persistence unit 'default'
2026-06-09T08:44:11.249Z  INFO 1 --- [SpringApplicationShutdownHook] com.zaxxer.hikari.HikariDataSource       : HikariPool-1 - Shutdown initiated...
2026-06-09T08:44:11.270Z  INFO 1 --- [SpringApplicationShutdownHook] com.zaxxer.hikari.HikariDataSource       : HikariPool-1 - Shutdown completed.
2026-06-09T08:48:26.102Z  INFO 1 --- [main] c.u.a.backend.BackendApplication         : Starting BackendApplication v0.0.1-SNAPSHOT using Java 21.0.11 with PID 1 (/app/app.jar started by root in /app)
2026-06-09T08:48:26.105Z DEBUG 1 --- [main] c.u.a.backend.BackendApplication         : Running with Spring Boot v3.5.14, Spring v6.2.18
2026-06-09T08:48:26.107Z  INFO 1 --- [main] c.u.a.backend.BackendApplication         : No active profile set, falling back to 1 default profile: "default"
2026-06-09T08:48:27.627Z  INFO 1 --- [main] .s.d.r.c.RepositoryConfigurationDelegate : Bootstrapping Spring Data JPA repositories in DEFAULT mode.
2026-06-09T08:48:27.897Z  INFO 1 --- [main] .s.d.r.c.RepositoryConfigurationDelegate : Finished Spring Data repository scanning in 252 ms. Found 26 JPA repository interfaces.
2026-06-09T08:48:28.697Z  INFO 1 --- [main] org.reflections.Reflections              : Reflections took 151 ms to scan 1 urls, producing 40 keys and 278 values
2026-06-09T08:48:29.263Z  INFO 1 --- [main] o.s.b.w.embedded.tomcat.TomcatWebServer  : Tomcat initialized with port 8080 (http)
2026-06-09T08:48:29.286Z  INFO 1 --- [main] o.apache.catalina.core.StandardService   : Starting service [Tomcat]
2026-06-09T08:48:29.287Z  INFO 1 --- [main] o.apache.catalina.core.StandardEngine    : Starting Servlet engine: [Apache Tomcat/10.1.54]
2026-06-09T08:48:29.320Z  INFO 1 --- [main] o.a.c.c.C.[Tomcat].[localhost].[/]       : Initializing Spring embedded WebApplicationContext
2026-06-09T08:48:29.321Z  INFO 1 --- [main] w.s.c.ServletWebServerApplicationContext : Root WebApplicationContext: initialization completed in 3118 ms
2026-06-09T08:48:29.664Z  INFO 1 --- [main] com.zaxxer.hikari.HikariDataSource       : HikariPool-1 - Starting...
2026-06-09T08:48:29.965Z  INFO 1 --- [main] com.zaxxer.hikari.pool.HikariPool        : HikariPool-1 - Added connection com.mysql.cj.jdbc.ConnectionImpl@f793f15
2026-06-09T08:48:29.969Z  INFO 1 --- [main] com.zaxxer.hikari.HikariDataSource       : HikariPool-1 - Start completed.
2026-06-09T08:48:30.073Z  INFO 1 --- [main] org.flywaydb.core.FlywayExecutor         : Database: jdbc:mysql://mysql-db:3306/utc2app?useSSL=false&serverTimezone=UTC&allowPublicKeyRetrieval=true (MySQL 8.0)
2026-06-09T08:48:30.146Z  INFO 1 --- [main] o.f.c.i.s.JdbcTableSchemaHistory         : Schema history table `utc2app`.`flyway_schema_history` does not exist yet
2026-06-09T08:48:30.153Z  INFO 1 --- [main] o.f.core.internal.command.DbValidate     : Successfully validated 25 migrations (execution time 00:00.040s)
2026-06-09T08:48:30.178Z  INFO 1 --- [main] o.f.c.i.s.JdbcTableSchemaHistory         : Creating Schema History table `utc2app`.`flyway_schema_history` ...
2026-06-09T08:48:30.323Z  INFO 1 --- [main] o.f.core.internal.command.DbMigrate      : Current version of schema `utc2app`: << Empty Schema >>
2026-06-09T08:48:30.379Z  INFO 1 --- [main] o.f.core.internal.command.DbMigrate      : Migrating schema `utc2app` to version "1 - utc2 init schema"
2026-06-09T08:48:34.404Z  INFO 1 --- [main] o.f.core.internal.command.DbMigrate      : Migrating schema `utc2app` to version "2 - insert initial data"
2026-06-09T08:48:34.480Z  INFO 1 --- [main] o.f.core.internal.command.DbMigrate      : Migrating schema `utc2app` to version "4 - add student card url"
2026-06-09T08:48:34.539Z  INFO 1 --- [main] o.f.core.internal.command.DbMigrate      : Migrating schema `utc2app` to version "5 - fix ui breaking columns"
2026-06-09T08:48:34.646Z  INFO 1 --- [main] o.f.core.internal.command.DbMigrate      : Migrating schema `utc2app` to version "6 - fix service request pk"
2026-06-09T08:48:34.720Z  INFO 1 --- [main] o.f.core.internal.command.DbMigrate      : Migrating schema `utc2app` to version "7 - add user profile address"
2026-06-09T08:48:34.802Z  INFO 1 --- [main] o.f.core.internal.command.DbMigrate      : Migrating schema `utc2app` to version "8 - add password reset token"
2026-06-09T08:48:34.893Z  INFO 1 --- [main] o.f.core.internal.command.DbMigrate      : Migrating schema `utc2app` to version "9 - insert test"
2026-06-09T08:48:34.932Z  INFO 1 --- [main] o.f.core.internal.command.DbMigrate      : Migrating schema `utc2app` to version "10 - update admin role"
2026-06-09T08:48:34.960Z  INFO 1 --- [main] o.f.core.internal.command.DbMigrate      : Migrating schema `utc2app` to version "11 - fix academic warning type"
2026-06-09T08:48:34.993Z  INFO 1 --- [main] o.f.core.internal.command.DbMigrate      : Migrating schema `utc2app` to version "12 - simplify payment status"
2026-06-09T08:48:35.317Z  INFO 1 --- [main] o.f.core.internal.command.DbMigrate      : Migrating schema `utc2app` to version "13 - add fee type"
2026-06-09T08:48:35.494Z  INFO 1 --- [main] o.f.core.internal.command.DbMigrate      : Migrating schema `utc2app` to version "14 - notification fcm gmail"
2026-06-09T08:48:35.727Z  INFO 1 --- [main] o.f.core.internal.command.DbMigrate      : Migrating schema `utc2app` to version "15 - create tuition rate"
2026-06-09T08:48:35.786Z  INFO 1 --- [main] o.f.core.internal.command.DbMigrate      : Migrating schema `utc2app` to version "16 - fix fee data and recalculate"
2026-06-09T08:48:35.819Z  INFO 1 --- [main] o.f.core.internal.command.DbMigrate      : Migrating schema `utc2app` to version "17 - fee link enrollment and dormitory"
2026-06-09T08:48:36.157Z  INFO 1 --- [main] o.f.core.internal.command.DbMigrate      : Migrating schema `utc2app` to version "20250810.01 - create assessment tables"
2026-06-09T08:48:36.382Z  INFO 1 --- [main] o.f.core.internal.command.DbMigrate      : Migrating schema `utc2app` to version "20250810.02 - add scholarship tables"
2026-06-09T08:48:36.795Z  INFO 1 --- [main] o.f.core.internal.command.DbMigrate      : Migrating schema `utc2app` to version "20250815.01 - assessment staff external redesign"
2026-06-09T08:48:37.031Z  INFO 1 --- [main] o.f.core.internal.command.DbMigrate      : Migrating schema `utc2app` to version "20250815.02 - test data assessment roles"
2026-06-09T08:48:37.126Z  INFO 1 --- [main] o.f.core.internal.command.DbMigrate      : Migrating schema `utc2app` to version "20250815.03 - fix staff levels complete"
2026-06-09T08:48:37.281Z  WARN 1 --- [main] o.f.c.i.s.DefaultSqlScriptExecutor       : DB: Duplicate entry 'giangvien@utc2.edu.vn' for key 'user.email' (SQL State: 23000 - Error Code: 1062)
2026-06-09T08:48:37.286Z  WARN 1 --- [main] o.f.c.i.s.DefaultSqlScriptExecutor       : DB: Duplicate entry '8' for key 'user_profile.PRIMARY' (SQL State: 23000 - Error Code: 1062)
2026-06-09T08:48:37.323Z  INFO 1 --- [main] o.f.core.internal.command.DbMigrate      : Migrating schema `utc2app` to version "20250817.01 - create teacher course"
2026-06-09T08:48:37.466Z  INFO 1 --- [main] o.f.core.internal.command.DbMigrate      : Migrating schema `utc2app` to version "20250818.01 - academic workflow"
2026-06-09T08:48:37.654Z  INFO 1 --- [main] o.f.core.internal.command.DbMigrate      : Migrating schema `utc2app` to version "20250818.02 - clean bad test assessment data"
2026-06-09T08:48:37.712Z  INFO 1 --- [main] o.f.core.internal.command.DbMigrate      : Migrating schema `utc2app` to version "20260607.01 - add chat action log"
2026-06-09T08:48:37.829Z  INFO 1 --- [main] o.f.core.internal.command.DbMigrate      : Successfully applied 25 migrations to schema `utc2app`, now at version v20260607.01 (execution time 00:06.632s)
2026-06-09T08:48:37.974Z  INFO 1 --- [main] o.hibernate.jpa.internal.util.LogHelper  : HHH000204: Processing PersistenceUnitInfo [name: default]
2026-06-09T08:48:38.095Z  INFO 1 --- [main] org.hibernate.Version                    : HHH000412: Hibernate ORM core version 6.6.49.Final
2026-06-09T08:48:38.175Z  INFO 1 --- [main] o.h.c.internal.RegionFactoryInitiator    : HHH000026: Second-level cache disabled
2026-06-09T08:48:38.548Z  INFO 1 --- [main] o.s.o.j.p.SpringPersistenceUnitInfo      : No LoadTimeWeaver setup: ignoring JPA class transformer
2026-06-09T08:48:38.682Z  WARN 1 --- [main] org.hibernate.orm.deprecation            : HHH90000025: MySQLDialect does not need to be specified explicitly using 'hibernate.dialect' (remove the property setting and it will be selected by default)
2026-06-09T08:48:38.700Z  INFO 1 --- [main] org.hibernate.orm.connections.pooling    : HHH10001005: Database info:
	Database JDBC URL [Connecting through datasource 'HikariDataSource (HikariPool-1)']
	Database driver: undefined/unknown
	Database version: 8.0.46
	Autocommit mode: undefined/unknown
	Isolation level: undefined/unknown
	Minimum pool size: undefined/unknown
	Maximum pool size: undefined/unknown
2026-06-09T08:48:40.449Z  INFO 1 --- [main] o.h.e.t.j.p.i.JtaPlatformInitiator       : HHH000489: No JTA platform available (set 'hibernate.transaction.jta.platform' to enable JTA platform integration)
2026-06-09T08:48:40.496Z  INFO 1 --- [main] j.LocalContainerEntityManagerFactoryBean : Initialized JPA EntityManagerFactory for persistence unit 'default'
2026-06-09T08:48:40.940Z DEBUG 1 --- [main] c.u.a.backend.middleware.JwtFilter       : Filter 'jwtFilter' configured for use
2026-06-09T08:48:41.020Z  WARN 1 --- [main] c.u.a.backend.config.FirebaseConfig      : Lỗi: Không tìm thấy file firebase-service-account.json trong resources. Push Notification sẽ không hoạt động!
2026-06-09T08:48:41.235Z  INFO 1 --- [main] o.s.d.j.r.query.QueryEnhancerFactory     : Hibernate is in classpath; If applicable, HQL parser will be used.
2026-06-09T08:48:44.076Z  INFO 1 --- [main] ai.djl.util.Platform                     : Found matching platform from: jar:nested:/app/app.jar/!BOOT-INF/lib/tokenizers-0.26.0.jar!/native/lib/tokenizers.properties
2026-06-09T08:48:44.080Z  INFO 1 --- [main] a.d.huggingface.tokenizers.jni.LibUtils  : Extracting native/lib/linux-x86_64/libtokenizers.so to cache ...
2026-06-09T08:48:44.216Z  INFO 1 --- [main] c.u.a.b.m.a.s.SemanticSearchService      : Khởi tạo SemanticSearchService: Bắt đầu load dữ liệu vào In-Memory Vector Store...
2026-06-09T08:48:44.248Z  INFO 1 --- [main] c.u.a.b.m.a.s.SemanticSearchService      : Đang xử lý tài liệu từ Catalog: markdown/cong_thuc_tinh_diem.md
2026-06-09T08:48:45.554Z  INFO 1 --- [main] c.u.a.b.m.a.s.SemanticSearchService      : Đang xử lý tài liệu từ Catalog: faq/quy_che_dao_tao.txt
2026-06-09T08:48:45.901Z  INFO 1 --- [main] c.u.a.b.m.a.s.SemanticSearchService      : Đang xử lý tài liệu từ Catalog: faq/tot_nghiep_dieu_kien.txt
2026-06-09T08:48:46.086Z  INFO 1 --- [main] c.u.a.b.m.a.s.SemanticSearchService      : Đang xử lý tài liệu từ Catalog: faq/ket_qua_ren_luyen.txt
2026-06-09T08:48:46.330Z  INFO 1 --- [main] c.u.a.b.m.a.s.SemanticSearchService      : Đang xử lý tài liệu từ Catalog: faq/hoc_bong_chinh_sach.txt
2026-06-09T08:48:46.560Z  INFO 1 --- [main] c.u.a.b.m.a.s.SemanticSearchService      : Đang xử lý tài liệu từ Catalog: faq/hoc_phi_thanh_toan.txt
2026-06-09T08:48:46.745Z  INFO 1 --- [main] c.u.a.b.m.a.s.SemanticSearchService      : Đang xử lý tài liệu từ Catalog: faq/ky_luat_quy_dinh_thi.txt
2026-06-09T08:48:47.005Z  INFO 1 --- [main] c.u.a.b.m.a.s.SemanticSearchService      : Đang xử lý tài liệu từ Catalog: faq/chuan_dau_ra_ngoai_ngu.txt
2026-06-09T08:48:47.175Z  INFO 1 --- [main] c.u.a.b.m.a.s.SemanticSearchService      : Đang xử lý tài liệu từ Catalog: faq/ky_tuc_xa_ngoai_tru.txt
2026-06-09T08:48:47.334Z  INFO 1 --- [main] c.u.a.b.m.a.s.SemanticSearchService      : Đang xử lý tài liệu từ Catalog: faq/thu_vien.txt
2026-06-09T08:48:47.504Z  INFO 1 --- [main] c.u.a.b.m.a.s.SemanticSearchService      : Đang xử lý tài liệu từ Catalog: faq/gioi_thieu_truong_don_vi.txt
2026-06-09T08:48:47.825Z  INFO 1 --- [main] c.u.a.b.m.a.s.SemanticSearchService      : Đang xử lý tài liệu từ Catalog: markdown/chien_luoc_gpa.md
2026-06-09T08:48:47.996Z  INFO 1 --- [main] c.u.a.b.m.a.s.SemanticSearchService      : Hoàn tất load tài liệu vào Vector Store.
2026-06-09T08:48:48.506Z  INFO 1 --- [main] r$InitializeUserDetailsManagerConfigurer : Global AuthenticationManager configured with UserDetailsService bean with name customUserDetailsService
2026-06-09T08:48:49.187Z  WARN 1 --- [main] JpaBaseConfiguration$JpaWebConfiguration : spring.jpa.open-in-view is enabled by default. Therefore, database queries may be performed during view rendering. Explicitly configure spring.jpa.open-in-view to disable this warning
2026-06-09T08:48:50.093Z  INFO 1 --- [main] o.s.b.w.embedded.tomcat.TomcatWebServer  : Tomcat started on port 8080 (http) with context path '/'
2026-06-09T08:48:50.138Z  INFO 1 --- [main] c.u.a.backend.BackendApplication         : Started BackendApplication in 24.962 seconds (process running for 26.224)
2026-06-09T08:55:28.976Z  INFO 1 --- [http-nio-8080-exec-2] o.a.c.c.C.[Tomcat].[localhost].[/]       : Initializing Spring DispatcherServlet 'dispatcherServlet'
2026-06-09T08:55:29.026Z  INFO 1 --- [http-nio-8080-exec-2] o.s.web.servlet.DispatcherServlet        : Initializing Servlet 'dispatcherServlet'
2026-06-09T08:55:29.288Z  INFO 1 --- [http-nio-8080-exec-2] o.s.web.servlet.DispatcherServlet        : Completed initialization in 256 ms
2026-06-09T08:55:32.673Z DEBUG 1 --- [http-nio-8080-exec-2] c.u.a.backend.middleware.JwtFilter       : [JwtFilter] Authenticated: 6551071085@st.utc2.edu.vn → GET /api/v1/profile/me
2026-06-09T08:55:32.673Z DEBUG 1 --- [http-nio-8080-exec-1] c.u.a.backend.middleware.JwtFilter       : [JwtFilter] Authenticated: 6551071085@st.utc2.edu.vn → GET /api/v1/profile/me
2026-06-09T08:55:32.673Z DEBUG 1 --- [http-nio-8080-exec-3] c.u.a.backend.middleware.JwtFilter       : [JwtFilter] Authenticated: 6551071085@st.utc2.edu.vn → POST /api/v1/notifications/fcm/token
2026-06-09T09:02:04.368Z DEBUG 1 --- [http-nio-8080-exec-7] c.u.a.backend.middleware.JwtFilter       : [JwtFilter] Authenticated: 6551071085@st.utc2.edu.vn → POST /api/v1/notifications/fcm/token
2026-06-09T09:02:06.555Z DEBUG 1 --- [http-nio-8080-exec-8] c.u.a.backend.middleware.JwtFilter       : [JwtFilter] Authenticated: 6551071085@st.utc2.edu.vn → GET /api/v1/profile/me
2026-06-09T09:02:32.820Z DEBUG 1 --- [http-nio-8080-exec-10] c.u.a.backend.middleware.JwtFilter       : [JwtFilter] Authenticated: 6551071085@st.utc2.edu.vn → GET /api/v1/profile/me
2026-06-09T09:02:32.835Z DEBUG 1 --- [http-nio-8080-exec-1] c.u.a.backend.middleware.JwtFilter       : [JwtFilter] Authenticated: 6551071085@st.utc2.edu.vn → GET /api/v1/profile/me
2026-06-09T09:02:33.130Z DEBUG 1 --- [http-nio-8080-exec-2] c.u.a.backend.middleware.JwtFilter       : [JwtFilter] Authenticated: 6551071085@st.utc2.edu.vn → POST /api/v1/notifications/fcm/token
2026-06-09T09:09:43.561Z DEBUG 1 --- [http-nio-8080-exec-5] c.u.a.backend.middleware.JwtFilter       : [JwtFilter] Authenticated: admin@utc2.edu.vn → GET /api/v1/admin/students
2026-06-09T09:09:43.573Z DEBUG 1 --- [http-nio-8080-exec-6] c.u.a.backend.middleware.JwtFilter       : [JwtFilter] Authenticated: admin@utc2.edu.vn → GET /api/v1/admin/service-requests
2026-06-09T09:09:43.571Z DEBUG 1 --- [http-nio-8080-exec-7] c.u.a.backend.middleware.JwtFilter       : [JwtFilter] Authenticated: admin@utc2.edu.vn → GET /api/v1/interaction/feedback/all
2026-06-09T09:09:45.024Z DEBUG 1 --- [http-nio-8080-exec-8] c.u.a.backend.middleware.JwtFilter       : [JwtFilter] Authenticated: admin@utc2.edu.vn → GET /api/v1/admin/service-requests
2026-06-09T09:09:45.024Z DEBUG 1 --- [http-nio-8080-exec-9] c.u.a.backend.middleware.JwtFilter       : [JwtFilter] Authenticated: admin@utc2.edu.vn → GET /api/v1/interaction/feedback/all
2026-06-09T09:09:45.093Z  WARN 1 --- [http-nio-8080-exec-5] ration$PageModule$WarningLoggingModifier : Serializing PageImpl instances as-is is not supported, meaning that there is no guarantee about the stability of the resulting JSON structure!
	For a stable JSON structure, please use Spring Data's PagedModel (globally via @EnableSpringDataWebSupport(pageSerializationMode = VIA_DTO))
	or Spring HATEOAS and Spring Data's PagedResourcesAssembler as documented in https://docs.spring.io/spring-data/commons/reference/repositories/core-extensions.html#core.web.pageables.

2026-06-09T09:09:45.768Z DEBUG 1 --- [http-nio-8080-exec-10] c.u.a.backend.middleware.JwtFilter       : [JwtFilter] Authenticated: admin@utc2.edu.vn → GET /api/v1/admin/students
2026-06-09T09:45:09.983Z  INFO 1 --- [SpringApplicationShutdownHook] o.s.b.w.e.tomcat.GracefulShutdown        : Commencing graceful shutdown. Waiting for active requests to complete
2026-06-09T09:45:10.112Z  INFO 1 --- [tomcat-shutdown] o.s.b.w.e.tomcat.GracefulShutdown        : Graceful shutdown complete
2026-06-09T09:45:10.256Z  INFO 1 --- [SpringApplicationShutdownHook] j.LocalContainerEntityManagerFactoryBean : Closing JPA EntityManagerFactory for persistence unit 'default'
2026-06-09T09:45:10.411Z  INFO 1 --- [SpringApplicationShutdownHook] com.zaxxer.hikari.HikariDataSource       : HikariPool-1 - Shutdown initiated...
2026-06-09T09:45:10.447Z  INFO 1 --- [SpringApplicationShutdownHook] com.zaxxer.hikari.HikariDataSource       : HikariPool-1 - Shutdown completed.
2026-06-09T09:50:29.545Z  INFO 1 --- [main] c.u.a.backend.BackendApplication         : Starting BackendApplication v0.0.1-SNAPSHOT using Java 21.0.11 with PID 1 (/app/app.jar started by root in /app)
2026-06-09T09:50:29.553Z DEBUG 1 --- [main] c.u.a.backend.BackendApplication         : Running with Spring Boot v3.5.14, Spring v6.2.18
2026-06-09T09:50:29.563Z  INFO 1 --- [main] c.u.a.backend.BackendApplication         : No active profile set, falling back to 1 default profile: "default"
2026-06-09T09:50:33.029Z  INFO 1 --- [main] .s.d.r.c.RepositoryConfigurationDelegate : Bootstrapping Spring Data JPA repositories in DEFAULT mode.
2026-06-09T09:50:33.300Z  INFO 1 --- [main] .s.d.r.c.RepositoryConfigurationDelegate : Finished Spring Data repository scanning in 245 ms. Found 26 JPA repository interfaces.
2026-06-09T09:50:34.806Z  INFO 1 --- [main] org.reflections.Reflections              : Reflections took 394 ms to scan 1 urls, producing 40 keys and 278 values
2026-06-09T09:50:35.911Z  INFO 1 --- [main] o.s.b.w.embedded.tomcat.TomcatWebServer  : Tomcat initialized with port 8080 (http)
2026-06-09T09:50:36.017Z  INFO 1 --- [main] o.apache.catalina.core.StandardService   : Starting service [Tomcat]
2026-06-09T09:50:36.026Z  INFO 1 --- [main] o.apache.catalina.core.StandardEngine    : Starting Servlet engine: [Apache Tomcat/10.1.54]
2026-06-09T09:50:36.109Z  INFO 1 --- [main] o.a.c.c.C.[Tomcat].[localhost].[/]       : Initializing Spring embedded WebApplicationContext
2026-06-09T09:50:36.119Z  INFO 1 --- [main] w.s.c.ServletWebServerApplicationContext : Root WebApplicationContext: initialization completed in 6390 ms
2026-06-09T09:50:36.901Z  INFO 1 --- [main] com.zaxxer.hikari.HikariDataSource       : HikariPool-1 - Starting...
2026-06-09T09:50:37.401Z  INFO 1 --- [main] com.zaxxer.hikari.pool.HikariPool        : HikariPool-1 - Added connection com.mysql.cj.jdbc.ConnectionImpl@4c6fc3e7
2026-06-09T09:50:37.408Z  INFO 1 --- [main] com.zaxxer.hikari.HikariDataSource       : HikariPool-1 - Start completed.
2026-06-09T09:50:37.519Z  INFO 1 --- [main] org.flywaydb.core.FlywayExecutor         : Database: jdbc:mysql://mysql-db:3306/utc2app?useSSL=false&serverTimezone=UTC&allowPublicKeyRetrieval=true (MySQL 8.0)
2026-06-09T09:50:37.652Z  INFO 1 --- [main] o.f.c.i.s.JdbcTableSchemaHistory         : Schema history table `utc2app`.`flyway_schema_history` does not exist yet
2026-06-09T09:50:37.660Z  INFO 1 --- [main] o.f.core.internal.command.DbValidate     : Successfully validated 25 migrations (execution time 00:00.078s)
2026-06-09T09:50:37.717Z  INFO 1 --- [main] o.f.c.i.s.JdbcTableSchemaHistory         : Creating Schema History table `utc2app`.`flyway_schema_history` ...
2026-06-09T09:50:37.913Z  INFO 1 --- [main] o.f.core.internal.command.DbMigrate      : Current version of schema `utc2app`: << Empty Schema >>
2026-06-09T09:50:37.980Z  INFO 1 --- [main] o.f.core.internal.command.DbMigrate      : Migrating schema `utc2app` to version "1 - utc2 init schema"
2026-06-09T09:50:46.570Z  INFO 1 --- [main] o.f.core.internal.command.DbMigrate      : Migrating schema `utc2app` to version "2 - insert initial data"
2026-06-09T09:50:46.721Z  INFO 1 --- [main] o.f.core.internal.command.DbMigrate      : Migrating schema `utc2app` to version "4 - add student card url"
2026-06-09T09:50:46.842Z  INFO 1 --- [main] o.f.core.internal.command.DbMigrate      : Migrating schema `utc2app` to version "5 - fix ui breaking columns"
2026-06-09T09:50:47.084Z  INFO 1 --- [main] o.f.core.internal.command.DbMigrate      : Migrating schema `utc2app` to version "6 - fix service request pk"
2026-06-09T09:50:47.206Z  INFO 1 --- [main] o.f.core.internal.command.DbMigrate      : Migrating schema `utc2app` to version "7 - add user profile address"
2026-06-09T09:50:47.301Z  INFO 1 --- [main] o.f.core.internal.command.DbMigrate      : Migrating schema `utc2app` to version "8 - add password reset token"
2026-06-09T09:50:47.450Z  INFO 1 --- [main] o.f.core.internal.command.DbMigrate      : Migrating schema `utc2app` to version "9 - insert test"
2026-06-09T09:50:47.495Z  INFO 1 --- [main] o.f.core.internal.command.DbMigrate      : Migrating schema `utc2app` to version "10 - update admin role"
2026-06-09T09:50:47.554Z  INFO 1 --- [main] o.f.core.internal.command.DbMigrate      : Migrating schema `utc2app` to version "11 - fix academic warning type"
2026-06-09T09:50:47.608Z  INFO 1 --- [main] o.f.core.internal.command.DbMigrate      : Migrating schema `utc2app` to version "12 - simplify payment status"
2026-06-09T09:50:48.041Z  INFO 1 --- [main] o.f.core.internal.command.DbMigrate      : Migrating schema `utc2app` to version "13 - add fee type"
2026-06-09T09:50:48.296Z  INFO 1 --- [main] o.f.core.internal.command.DbMigrate      : Migrating schema `utc2app` to version "14 - notification fcm gmail"
2026-06-09T09:50:48.596Z  INFO 1 --- [main] o.f.core.internal.command.DbMigrate      : Migrating schema `utc2app` to version "15 - create tuition rate"
2026-06-09T09:50:48.712Z  INFO 1 --- [main] o.f.core.internal.command.DbMigrate      : Migrating schema `utc2app` to version "16 - fix fee data and recalculate"
2026-06-09T09:50:48.782Z  INFO 1 --- [main] o.f.core.internal.command.DbMigrate      : Migrating schema `utc2app` to version "17 - fee link enrollment and dormitory"
2026-06-09T09:50:49.202Z  INFO 1 --- [main] o.f.core.internal.command.DbMigrate      : Migrating schema `utc2app` to version "20250810.01 - create assessment tables"
2026-06-09T09:50:49.493Z  INFO 1 --- [main] o.f.core.internal.command.DbMigrate      : Migrating schema `utc2app` to version "20250810.02 - add scholarship tables"
2026-06-09T09:50:50.000Z  INFO 1 --- [main] o.f.core.internal.command.DbMigrate      : Migrating schema `utc2app` to version "20250815.01 - assessment staff external redesign"
2026-06-09T09:50:50.305Z  INFO 1 --- [main] o.f.core.internal.command.DbMigrate      : Migrating schema `utc2app` to version "20250815.02 - test data assessment roles"
2026-06-09T09:50:50.439Z  INFO 1 --- [main] o.f.core.internal.command.DbMigrate      : Migrating schema `utc2app` to version "20250815.03 - fix staff levels complete"
2026-06-09T09:50:50.581Z  WARN 1 --- [main] o.f.c.i.s.DefaultSqlScriptExecutor       : DB: Duplicate entry 'giangvien@utc2.edu.vn' for key 'user.email' (SQL State: 23000 - Error Code: 1062)
2026-06-09T09:50:50.586Z  WARN 1 --- [main] o.f.c.i.s.DefaultSqlScriptExecutor       : DB: Duplicate entry '8' for key 'user_profile.PRIMARY' (SQL State: 23000 - Error Code: 1062)
2026-06-09T09:50:50.636Z  INFO 1 --- [main] o.f.core.internal.command.DbMigrate      : Migrating schema `utc2app` to version "20250817.01 - create teacher course"
2026-06-09T09:50:50.788Z  INFO 1 --- [main] o.f.core.internal.command.DbMigrate      : Migrating schema `utc2app` to version "20250818.01 - academic workflow"
2026-06-09T09:50:51.027Z  INFO 1 --- [main] o.f.core.internal.command.DbMigrate      : Migrating schema `utc2app` to version "20250818.02 - clean bad test assessment data"
2026-06-09T09:50:51.074Z  INFO 1 --- [main] o.f.core.internal.command.DbMigrate      : Migrating schema `utc2app` to version "20260607.01 - add chat action log"
2026-06-09T09:50:51.191Z  INFO 1 --- [main] o.f.core.internal.command.DbMigrate      : Successfully applied 25 migrations to schema `utc2app`, now at version v20260607.01 (execution time 00:12.086s)
2026-06-09T09:50:51.397Z  INFO 1 --- [main] o.hibernate.jpa.internal.util.LogHelper  : HHH000204: Processing PersistenceUnitInfo [name: default]
2026-06-09T09:50:51.592Z  INFO 1 --- [main] org.hibernate.Version                    : HHH000412: Hibernate ORM core version 6.6.49.Final
2026-06-09T09:50:51.729Z  INFO 1 --- [main] o.h.c.internal.RegionFactoryInitiator    : HHH000026: Second-level cache disabled
2026-06-09T09:50:52.238Z  INFO 1 --- [main] o.s.o.j.p.SpringPersistenceUnitInfo      : No LoadTimeWeaver setup: ignoring JPA class transformer
2026-06-09T09:50:52.345Z  WARN 1 --- [main] org.hibernate.orm.deprecation            : HHH90000025: MySQLDialect does not need to be specified explicitly using 'hibernate.dialect' (remove the property setting and it will be selected by default)
2026-06-09T09:50:52.377Z  INFO 1 --- [main] org.hibernate.orm.connections.pooling    : HHH10001005: Database info:
	Database JDBC URL [Connecting through datasource 'HikariDataSource (HikariPool-1)']
	Database driver: undefined/unknown
	Database version: 8.0.46
	Autocommit mode: undefined/unknown
	Isolation level: undefined/unknown
	Minimum pool size: undefined/unknown
	Maximum pool size: undefined/unknown
2026-06-09T09:50:54.486Z  INFO 1 --- [main] o.h.e.t.j.p.i.JtaPlatformInitiator       : HHH000489: No JTA platform available (set 'hibernate.transaction.jta.platform' to enable JTA platform integration)
2026-06-09T09:50:54.552Z  INFO 1 --- [main] j.LocalContainerEntityManagerFactoryBean : Initialized JPA EntityManagerFactory for persistence unit 'default'
2026-06-09T09:50:55.141Z DEBUG 1 --- [main] c.u.a.backend.middleware.JwtFilter       : Filter 'jwtFilter' configured for use
2026-06-09T09:50:55.252Z  WARN 1 --- [main] c.u.a.backend.config.FirebaseConfig      : Lỗi: Không tìm thấy file firebase-service-account.json trong resources. Push Notification sẽ không hoạt động!
2026-06-09T09:50:55.453Z  INFO 1 --- [main] o.s.d.j.r.query.QueryEnhancerFactory     : Hibernate is in classpath; If applicable, HQL parser will be used.
2026-06-09T09:50:58.450Z  INFO 1 --- [main] ai.djl.util.Platform                     : Found matching platform from: jar:nested:/app/app.jar/!BOOT-INF/lib/tokenizers-0.26.0.jar!/native/lib/tokenizers.properties
2026-06-09T09:50:58.454Z  INFO 1 --- [main] a.d.huggingface.tokenizers.jni.LibUtils  : Extracting native/lib/linux-x86_64/libtokenizers.so to cache ...
2026-06-09T09:50:58.606Z  INFO 1 --- [main] c.u.a.b.m.a.s.SemanticSearchService      : Khởi tạo SemanticSearchService: Bắt đầu load dữ liệu vào In-Memory Vector Store...
2026-06-09T09:50:58.642Z  INFO 1 --- [main] c.u.a.b.m.a.s.SemanticSearchService      : Đang xử lý tài liệu từ Catalog: markdown/cong_thuc_tinh_diem.md
2026-06-09T09:51:00.190Z  INFO 1 --- [main] c.u.a.b.m.a.s.SemanticSearchService      : Đang xử lý tài liệu từ Catalog: faq/quy_che_dao_tao.txt
2026-06-09T09:51:00.646Z  INFO 1 --- [main] c.u.a.b.m.a.s.SemanticSearchService      : Đang xử lý tài liệu từ Catalog: faq/tot_nghiep_dieu_kien.txt
2026-06-09T09:51:01.005Z  INFO 1 --- [main] c.u.a.b.m.a.s.SemanticSearchService      : Đang xử lý tài liệu từ Catalog: faq/ket_qua_ren_luyen.txt
2026-06-09T09:51:01.467Z  INFO 1 --- [main] c.u.a.b.m.a.s.SemanticSearchService      : Đang xử lý tài liệu từ Catalog: faq/hoc_bong_chinh_sach.txt
2026-06-09T09:51:01.837Z  INFO 1 --- [main] c.u.a.b.m.a.s.SemanticSearchService      : Đang xử lý tài liệu từ Catalog: faq/hoc_phi_thanh_toan.txt
2026-06-09T09:51:02.110Z  INFO 1 --- [main] c.u.a.b.m.a.s.SemanticSearchService      : Đang xử lý tài liệu từ Catalog: faq/ky_luat_quy_dinh_thi.txt
2026-06-09T09:51:02.511Z  INFO 1 --- [main] c.u.a.b.m.a.s.SemanticSearchService      : Đang xử lý tài liệu từ Catalog: faq/chuan_dau_ra_ngoai_ngu.txt
2026-06-09T09:51:02.729Z  INFO 1 --- [main] c.u.a.b.m.a.s.SemanticSearchService      : Đang xử lý tài liệu từ Catalog: faq/ky_tuc_xa_ngoai_tru.txt
2026-06-09T09:51:02.941Z  INFO 1 --- [main] c.u.a.b.m.a.s.SemanticSearchService      : Đang xử lý tài liệu từ Catalog: faq/thu_vien.txt
2026-06-09T09:51:03.285Z  INFO 1 --- [main] c.u.a.b.m.a.s.SemanticSearchService      : Đang xử lý tài liệu từ Catalog: faq/gioi_thieu_truong_don_vi.txt
2026-06-09T09:51:03.721Z  INFO 1 --- [main] c.u.a.b.m.a.s.SemanticSearchService      : Đang xử lý tài liệu từ Catalog: markdown/chien_luoc_gpa.md
2026-06-09T09:51:03.952Z  INFO 1 --- [main] c.u.a.b.m.a.s.SemanticSearchService      : Hoàn tất load tài liệu vào Vector Store.
2026-06-09T09:51:04.691Z  INFO 1 --- [main] r$InitializeUserDetailsManagerConfigurer : Global AuthenticationManager configured with UserDetailsService bean with name customUserDetailsService
2026-06-09T09:51:05.853Z  WARN 1 --- [main] JpaBaseConfiguration$JpaWebConfiguration : spring.jpa.open-in-view is enabled by default. Therefore, database queries may be performed during view rendering. Explicitly configure spring.jpa.open-in-view to disable this warning
2026-06-09T09:51:07.576Z  INFO 1 --- [main] o.s.b.w.embedded.tomcat.TomcatWebServer  : Tomcat started on port 8080 (http) with context path '/'
2026-06-09T09:51:07.676Z  INFO 1 --- [main] c.u.a.backend.BackendApplication         : Started BackendApplication in 39.662 seconds (process running for 41.789)
2026-06-09T10:04:21.628Z  INFO 1 --- [SpringApplicationShutdownHook] o.s.b.w.e.tomcat.GracefulShutdown        : Commencing graceful shutdown. Waiting for active requests to complete
2026-06-09T10:04:21.696Z  INFO 1 --- [tomcat-shutdown] o.s.b.w.e.tomcat.GracefulShutdown        : Graceful shutdown complete
2026-06-09T10:04:21.753Z  INFO 1 --- [SpringApplicationShutdownHook] j.LocalContainerEntityManagerFactoryBean : Closing JPA EntityManagerFactory for persistence unit 'default'
2026-06-09T10:04:21.805Z  INFO 1 --- [SpringApplicationShutdownHook] com.zaxxer.hikari.HikariDataSource       : HikariPool-1 - Shutdown initiated...
2026-06-09T10:04:21.842Z  INFO 1 --- [SpringApplicationShutdownHook] com.zaxxer.hikari.HikariDataSource       : HikariPool-1 - Shutdown completed.
2026-06-09T10:09:39.615Z  INFO 1 --- [main] c.u.a.backend.BackendApplication         : Starting BackendApplication v0.0.1-SNAPSHOT using Java 21.0.11 with PID 1 (/app/app.jar started by root in /app)
2026-06-09T10:09:39.619Z DEBUG 1 --- [main] c.u.a.backend.BackendApplication         : Running with Spring Boot v3.5.14, Spring v6.2.18
2026-06-09T10:09:39.622Z  INFO 1 --- [main] c.u.a.backend.BackendApplication         : No active profile set, falling back to 1 default profile: "default"
2026-06-09T10:09:41.738Z  INFO 1 --- [main] .s.d.r.c.RepositoryConfigurationDelegate : Bootstrapping Spring Data JPA repositories in DEFAULT mode.
2026-06-09T10:09:41.964Z  INFO 1 --- [main] .s.d.r.c.RepositoryConfigurationDelegate : Finished Spring Data repository scanning in 201 ms. Found 26 JPA repository interfaces.
2026-06-09T10:09:42.904Z  INFO 1 --- [main] org.reflections.Reflections              : Reflections took 228 ms to scan 1 urls, producing 40 keys and 278 values
2026-06-09T10:09:43.648Z  INFO 1 --- [main] o.s.b.w.embedded.tomcat.TomcatWebServer  : Tomcat initialized with port 8080 (http)
2026-06-09T10:09:43.669Z  INFO 1 --- [main] o.apache.catalina.core.StandardService   : Starting service [Tomcat]
2026-06-09T10:09:43.670Z  INFO 1 --- [main] o.apache.catalina.core.StandardEngine    : Starting Servlet engine: [Apache Tomcat/10.1.54]
2026-06-09T10:09:43.723Z  INFO 1 --- [main] o.a.c.c.C.[Tomcat].[localhost].[/]       : Initializing Spring embedded WebApplicationContext
2026-06-09T10:09:43.725Z  INFO 1 --- [main] w.s.c.ServletWebServerApplicationContext : Root WebApplicationContext: initialization completed in 3990 ms
2026-06-09T10:09:44.323Z  INFO 1 --- [main] com.zaxxer.hikari.HikariDataSource       : HikariPool-1 - Starting...
2026-06-09T10:09:44.858Z  INFO 1 --- [main] com.zaxxer.hikari.pool.HikariPool        : HikariPool-1 - Added connection com.mysql.cj.jdbc.ConnectionImpl@45ad3cd8
2026-06-09T10:09:44.864Z  INFO 1 --- [main] com.zaxxer.hikari.HikariDataSource       : HikariPool-1 - Start completed.
2026-06-09T10:09:45.057Z  INFO 1 --- [main] org.flywaydb.core.FlywayExecutor         : Database: jdbc:mysql://mysql-db:3306/utc2app?useSSL=false&serverTimezone=UTC&allowPublicKeyRetrieval=true (MySQL 8.0)
2026-06-09T10:09:45.237Z  INFO 1 --- [main] o.f.c.i.s.JdbcTableSchemaHistory         : Schema history table `utc2app`.`flyway_schema_history` does not exist yet
2026-06-09T10:09:45.250Z  INFO 1 --- [main] o.f.core.internal.command.DbValidate     : Successfully validated 25 migrations (execution time 00:00.094s)
2026-06-09T10:09:45.288Z  INFO 1 --- [main] o.f.c.i.s.JdbcTableSchemaHistory         : Creating Schema History table `utc2app`.`flyway_schema_history` ...
2026-06-09T10:09:45.523Z  INFO 1 --- [main] o.f.core.internal.command.DbMigrate      : Current version of schema `utc2app`: << Empty Schema >>
2026-06-09T10:09:45.581Z  INFO 1 --- [main] o.f.core.internal.command.DbMigrate      : Migrating schema `utc2app` to version "1 - utc2 init schema"
2026-06-09T10:09:50.753Z  INFO 1 --- [main] o.f.core.internal.command.DbMigrate      : Migrating schema `utc2app` to version "2 - insert initial data"
2026-06-09T10:09:50.854Z  INFO 1 --- [main] o.f.core.internal.command.DbMigrate      : Migrating schema `utc2app` to version "4 - add student card url"
2026-06-09T10:09:50.947Z  INFO 1 --- [main] o.f.core.internal.command.DbMigrate      : Migrating schema `utc2app` to version "5 - fix ui breaking columns"
2026-06-09T10:09:51.076Z  INFO 1 --- [main] o.f.core.internal.command.DbMigrate      : Migrating schema `utc2app` to version "6 - fix service request pk"
2026-06-09T10:09:51.211Z  INFO 1 --- [main] o.f.core.internal.command.DbMigrate      : Migrating schema `utc2app` to version "7 - add user profile address"
2026-06-09T10:09:51.304Z  INFO 1 --- [main] o.f.core.internal.command.DbMigrate      : Migrating schema `utc2app` to version "8 - add password reset token"
2026-06-09T10:09:51.418Z  INFO 1 --- [main] o.f.core.internal.command.DbMigrate      : Migrating schema `utc2app` to version "9 - insert test"
2026-06-09T10:09:51.457Z  INFO 1 --- [main] o.f.core.internal.command.DbMigrate      : Migrating schema `utc2app` to version "10 - update admin role"
2026-06-09T10:09:51.493Z  INFO 1 --- [main] o.f.core.internal.command.DbMigrate      : Migrating schema `utc2app` to version "11 - fix academic warning type"
2026-06-09T10:09:51.532Z  INFO 1 --- [main] o.f.core.internal.command.DbMigrate      : Migrating schema `utc2app` to version "12 - simplify payment status"
2026-06-09T10:09:51.938Z  INFO 1 --- [main] o.f.core.internal.command.DbMigrate      : Migrating schema `utc2app` to version "13 - add fee type"
2026-06-09T10:09:52.160Z  INFO 1 --- [main] o.f.core.internal.command.DbMigrate      : Migrating schema `utc2app` to version "14 - notification fcm gmail"
2026-06-09T10:09:52.402Z  INFO 1 --- [main] o.f.core.internal.command.DbMigrate      : Migrating schema `utc2app` to version "15 - create tuition rate"
2026-06-09T10:09:52.471Z  INFO 1 --- [main] o.f.core.internal.command.DbMigrate      : Migrating schema `utc2app` to version "16 - fix fee data and recalculate"
2026-06-09T10:09:52.506Z  INFO 1 --- [main] o.f.core.internal.command.DbMigrate      : Migrating schema `utc2app` to version "17 - fee link enrollment and dormitory"
2026-06-09T10:09:52.865Z  INFO 1 --- [main] o.f.core.internal.command.DbMigrate      : Migrating schema `utc2app` to version "20250810.01 - create assessment tables"
2026-06-09T10:09:53.157Z  INFO 1 --- [main] o.f.core.internal.command.DbMigrate      : Migrating schema `utc2app` to version "20250810.02 - add scholarship tables"
2026-06-09T10:09:53.654Z  INFO 1 --- [main] o.f.core.internal.command.DbMigrate      : Migrating schema `utc2app` to version "20250815.01 - assessment staff external redesign"
2026-06-09T10:09:53.956Z  INFO 1 --- [main] o.f.core.internal.command.DbMigrate      : Migrating schema `utc2app` to version "20250815.02 - test data assessment roles"
2026-06-09T10:09:54.017Z  INFO 1 --- [main] o.f.core.internal.command.DbMigrate      : Migrating schema `utc2app` to version "20250815.03 - fix staff levels complete"
2026-06-09T10:09:54.132Z  WARN 1 --- [main] o.f.c.i.s.DefaultSqlScriptExecutor       : DB: Duplicate entry 'giangvien@utc2.edu.vn' for key 'user.email' (SQL State: 23000 - Error Code: 1062)
2026-06-09T10:09:54.135Z  WARN 1 --- [main] o.f.c.i.s.DefaultSqlScriptExecutor       : DB: Duplicate entry '8' for key 'user_profile.PRIMARY' (SQL State: 23000 - Error Code: 1062)
2026-06-09T10:09:54.169Z  INFO 1 --- [main] o.f.core.internal.command.DbMigrate      : Migrating schema `utc2app` to version "20250817.01 - create teacher course"
2026-06-09T10:09:54.263Z  INFO 1 --- [main] o.f.core.internal.command.DbMigrate      : Migrating schema `utc2app` to version "20250818.01 - academic workflow"
2026-06-09T10:09:54.471Z  INFO 1 --- [main] o.f.core.internal.command.DbMigrate      : Migrating schema `utc2app` to version "20250818.02 - clean bad test assessment data"
2026-06-09T10:09:54.506Z  INFO 1 --- [main] o.f.core.internal.command.DbMigrate      : Migrating schema `utc2app` to version "20260607.01 - add chat action log"
2026-06-09T10:09:54.567Z  INFO 1 --- [main] o.f.core.internal.command.DbMigrate      : Successfully applied 25 migrations to schema `utc2app`, now at version v20260607.01 (execution time 00:08.136s)
2026-06-09T10:09:54.703Z  INFO 1 --- [main] o.hibernate.jpa.internal.util.LogHelper  : HHH000204: Processing PersistenceUnitInfo [name: default]
2026-06-09T10:09:54.783Z  INFO 1 --- [main] org.hibernate.Version                    : HHH000412: Hibernate ORM core version 6.6.49.Final
2026-06-09T10:09:54.838Z  INFO 1 --- [main] o.h.c.internal.RegionFactoryInitiator    : HHH000026: Second-level cache disabled
2026-06-09T10:09:55.326Z  INFO 1 --- [main] o.s.o.j.p.SpringPersistenceUnitInfo      : No LoadTimeWeaver setup: ignoring JPA class transformer
2026-06-09T10:09:55.415Z  WARN 1 --- [main] org.hibernate.orm.deprecation            : HHH90000025: MySQLDialect does not need to be specified explicitly using 'hibernate.dialect' (remove the property setting and it will be selected by default)
2026-06-09T10:09:55.432Z  INFO 1 --- [main] org.hibernate.orm.connections.pooling    : HHH10001005: Database info:
	Database JDBC URL [Connecting through datasource 'HikariDataSource (HikariPool-1)']
	Database driver: undefined/unknown
	Database version: 8.0.46
	Autocommit mode: undefined/unknown
	Isolation level: undefined/unknown
	Minimum pool size: undefined/unknown
	Maximum pool size: undefined/unknown
2026-06-09T10:09:57.568Z  INFO 1 --- [main] o.h.e.t.j.p.i.JtaPlatformInitiator       : HHH000489: No JTA platform available (set 'hibernate.transaction.jta.platform' to enable JTA platform integration)
2026-06-09T10:09:57.626Z  INFO 1 --- [main] j.LocalContainerEntityManagerFactoryBean : Initialized JPA EntityManagerFactory for persistence unit 'default'
2026-06-09T10:09:58.172Z DEBUG 1 --- [main] c.u.a.backend.middleware.JwtFilter       : Filter 'jwtFilter' configured for use
2026-06-09T10:09:58.231Z  WARN 1 --- [main] c.u.a.backend.config.FirebaseConfig      : Lỗi: Không tìm thấy file firebase-service-account.json trong resources. Push Notification sẽ không hoạt động!
2026-06-09T10:09:58.318Z  INFO 1 --- [main] o.s.d.j.r.query.QueryEnhancerFactory     : Hibernate is in classpath; If applicable, HQL parser will be used.
2026-06-09T10:10:06.400Z  INFO 1 --- [main] ai.djl.util.Platform                     : Found matching platform from: jar:nested:/app/app.jar/!BOOT-INF/lib/tokenizers-0.26.0.jar!/native/lib/tokenizers.properties
2026-06-09T10:10:06.403Z  INFO 1 --- [main] a.d.huggingface.tokenizers.jni.LibUtils  : Extracting native/lib/linux-x86_64/libtokenizers.so to cache ...
2026-06-09T10:10:06.562Z  INFO 1 --- [main] c.u.a.b.m.a.s.SemanticSearchService      : Khởi tạo SemanticSearchService: Bắt đầu load dữ liệu vào In-Memory Vector Store...
2026-06-09T10:10:06.610Z  INFO 1 --- [main] c.u.a.b.m.a.s.SemanticSearchService      : Đang xử lý tài liệu từ Catalog: markdown/cong_thuc_tinh_diem.md
2026-06-09T10:10:07.971Z  INFO 1 --- [main] c.u.a.b.m.a.s.SemanticSearchService      : Đang xử lý tài liệu từ Catalog: faq/quy_che_dao_tao.txt
2026-06-09T10:10:08.323Z  INFO 1 --- [main] c.u.a.b.m.a.s.SemanticSearchService      : Đang xử lý tài liệu từ Catalog: faq/tot_nghiep_dieu_kien.txt
2026-06-09T10:10:08.596Z  INFO 1 --- [main] c.u.a.b.m.a.s.SemanticSearchService      : Đang xử lý tài liệu từ Catalog: faq/ket_qua_ren_luyen.txt
2026-06-09T10:10:08.919Z  INFO 1 --- [main] c.u.a.b.m.a.s.SemanticSearchService      : Đang xử lý tài liệu từ Catalog: faq/hoc_bong_chinh_sach.txt
2026-06-09T10:10:09.245Z  INFO 1 --- [main] c.u.a.b.m.a.s.SemanticSearchService      : Đang xử lý tài liệu từ Catalog: faq/hoc_phi_thanh_toan.txt
2026-06-09T10:10:09.438Z  INFO 1 --- [main] c.u.a.b.m.a.s.SemanticSearchService      : Đang xử lý tài liệu từ Catalog: faq/ky_luat_quy_dinh_thi.txt
2026-06-09T10:10:09.759Z  INFO 1 --- [main] c.u.a.b.m.a.s.SemanticSearchService      : Đang xử lý tài liệu từ Catalog: faq/chuan_dau_ra_ngoai_ngu.txt
2026-06-09T10:10:09.993Z  INFO 1 --- [main] c.u.a.b.m.a.s.SemanticSearchService      : Đang xử lý tài liệu từ Catalog: faq/ky_tuc_xa_ngoai_tru.txt
2026-06-09T10:10:10.206Z  INFO 1 --- [main] c.u.a.b.m.a.s.SemanticSearchService      : Đang xử lý tài liệu từ Catalog: faq/thu_vien.txt
2026-06-09T10:10:10.418Z  INFO 1 --- [main] c.u.a.b.m.a.s.SemanticSearchService      : Đang xử lý tài liệu từ Catalog: faq/gioi_thieu_truong_don_vi.txt
2026-06-09T10:10:10.751Z  INFO 1 --- [main] c.u.a.b.m.a.s.SemanticSearchService      : Đang xử lý tài liệu từ Catalog: markdown/chien_luoc_gpa.md
2026-06-09T10:10:10.946Z  INFO 1 --- [main] c.u.a.b.m.a.s.SemanticSearchService      : Hoàn tất load tài liệu vào Vector Store.
2026-06-09T10:10:11.500Z  INFO 1 --- [main] r$InitializeUserDetailsManagerConfigurer : Global AuthenticationManager configured with UserDetailsService bean with name customUserDetailsService
2026-06-09T10:10:12.111Z  WARN 1 --- [main] JpaBaseConfiguration$JpaWebConfiguration : spring.jpa.open-in-view is enabled by default. Therefore, database queries may be performed during view rendering. Explicitly configure spring.jpa.open-in-view to disable this warning
2026-06-09T10:10:13.057Z  INFO 1 --- [main] o.s.b.w.embedded.tomcat.TomcatWebServer  : Tomcat started on port 8080 (http) with context path '/'
2026-06-09T10:10:13.126Z  INFO 1 --- [main] c.u.a.backend.BackendApplication         : Started BackendApplication in 34.796 seconds (process running for 37.221)
2026-06-09T10:22:25.574Z  INFO 1 --- [http-nio-8080-exec-1] o.a.c.c.C.[Tomcat].[localhost].[/]       : Initializing Spring DispatcherServlet 'dispatcherServlet'
2026-06-09T10:22:25.605Z  INFO 1 --- [http-nio-8080-exec-1] o.s.web.servlet.DispatcherServlet        : Initializing Servlet 'dispatcherServlet'
2026-06-09T10:22:25.722Z  INFO 1 --- [http-nio-8080-exec-1] o.s.web.servlet.DispatcherServlet        : Completed initialization in 116 ms
2026-06-09T10:22:29.007Z DEBUG 1 --- [http-nio-8080-exec-3] c.u.a.backend.middleware.JwtFilter       : [JwtFilter] Authenticated: 6551071085@st.utc2.edu.vn → GET /api/v1/profile/me
2026-06-09T10:22:29.009Z DEBUG 1 --- [http-nio-8080-exec-2] c.u.a.backend.middleware.JwtFilter       : [JwtFilter] Authenticated: 6551071085@st.utc2.edu.vn → GET /api/v1/profile/me
2026-06-09T10:22:30.134Z DEBUG 1 --- [http-nio-8080-exec-4] c.u.a.backend.middleware.JwtFilter       : [JwtFilter] Authenticated: 6551071085@st.utc2.edu.vn → POST /api/v1/notifications/fcm/token
2026-06-09T10:22:32.645Z DEBUG 1 --- [http-nio-8080-exec-5] c.u.a.backend.middleware.JwtFilter       : [JwtFilter] Authenticated: 6551071085@st.utc2.edu.vn → GET /api/v1/academic/semesters
2026-06-09T10:22:34.479Z DEBUG 1 --- [http-nio-8080-exec-6] c.u.a.backend.middleware.JwtFilter       : [JwtFilter] Authenticated: 6551071085@st.utc2.edu.vn → GET /api/v1/academic/scholarships
2026-06-09T10:22:41.331Z DEBUG 1 --- [http-nio-8080-exec-7] c.u.a.backend.middleware.JwtFilter       : [JwtFilter] Authenticated: 6551071085@st.utc2.edu.vn → GET /api/v1/academic/scholarships
2026-06-09T10:24:11.175Z DEBUG 1 --- [http-nio-8080-exec-10] c.u.a.backend.middleware.JwtFilter       : [JwtFilter] Authenticated: 6551071085@st.utc2.edu.vn → GET /api/v1/academic/scholarships
2026-06-09T10:30:48.749Z  INFO 1 --- [SpringApplicationShutdownHook] o.s.b.w.e.tomcat.GracefulShutdown        : Commencing graceful shutdown. Waiting for active requests to complete
2026-06-09T10:30:48.783Z  INFO 1 --- [tomcat-shutdown] o.s.b.w.e.tomcat.GracefulShutdown        : Graceful shutdown complete
2026-06-09T10:30:48.822Z  INFO 1 --- [SpringApplicationShutdownHook] j.LocalContainerEntityManagerFactoryBean : Closing JPA EntityManagerFactory for persistence unit 'default'
2026-06-09T10:30:48.856Z  INFO 1 --- [SpringApplicationShutdownHook] com.zaxxer.hikari.HikariDataSource       : HikariPool-1 - Shutdown initiated...
2026-06-09T10:30:48.874Z  INFO 1 --- [SpringApplicationShutdownHook] com.zaxxer.hikari.HikariDataSource       : HikariPool-1 - Shutdown completed.
